# JRE version: Java(TM) SE Runtime Environment (8.0_101-b13) (build 1.8.0_101-b13)
# Java VM: Java HotSpot(TM) Client VM (25.101-b13 mixed mode windows-x86 )
Heap:
 def new generation   total 28352K, used 3136K [0x04000000, 0x05ec0000, 0x09550000)
  eden space 25216K,   0% used [0x04000000, 0x04000000, 0x058a0000)
  from space 3136K, 100% used [0x058a0000, 0x05bb0000, 0x05bb0000)
  to   space 3136K,   0% used [0x05bb0000, 0x05bb0000, 0x05ec0000)
 tenured generation   total 63176K, used 63142K [0x09550000, 0x0d302000, 0x14000000)
   the space 63176K,  99% used [0x09550000, 0x0d2f9a30, 0x0d2f9c00, 0x0d302000)
 Metaspace       used 34120K, capacity 34822K, committed 34944K, reserved 35200K
GC Heap History (10 events):
Event: 403.077 GC heap after
Heap after GC invocations=118 (full 7):
 def new generation   total 28352K, used 853K [0x04000000, 0x05ec0000, 0x09550000)
  eden space 25216K,   0% used [0x04000000, 0x04000000, 0x058a0000)
  from space 3136K,  27% used [0x05bb0000, 0x05c85770, 0x05ec0000)
  to   space 3136K,   0% used [0x058a0000, 0x058a0000, 0x05bb0000)
 tenured generation   total 62792K, used 50477K [0x09550000, 0x0d2a2000, 0x14000000)
   the space 62792K,  80% used [0x09550000, 0x0c69b4b8, 0x0c69b600, 0x0d2a2000)
 Metaspace       used 34087K, capacity 34755K, committed 34816K, reserved 35200K
}
Event: 405.814 GC heap before
{Heap before GC invocations=118 (full 7):
 def new generation   total 28352K, used 26069K [0x04000000, 0x05ec0000, 0x09550000)
  eden space 25216K, 100% used [0x04000000, 0x058a0000, 0x058a0000)
  from space 3136K,  27% used [0x05bb0000, 0x05c85770, 0x05ec0000)
  to   space 3136K,   0% used [0x058a0000, 0x058a0000, 0x05bb0000)
 tenured generation   total 62792K, used 50477K [0x09550000, 0x0d2a2000, 0x14000000)
   the space 62792K,  80% used [0x09550000, 0x0c69b4b8, 0x0c69b600, 0x0d2a2000)
 Metaspace       used 34087K, capacity 34755K, committed 34816K, reserved 35200K
Event: 405.822 GC heap after
Heap after GC invocations=119 (full 7):
 def new generation   total 28352K, used 1577K [0x04000000, 0x05ec0000, 0x09550000)
  eden space 25216K,   0% used [0x04000000, 0x04000000, 0x058a0000)
  from space 3136K,  50% used [0x058a0000, 0x05a2a568, 0x05bb0000)
  to   space 3136K,   0% used [0x05bb0000, 0x05bb0000, 0x05ec0000)
 tenured generation   total 62792K, used 50477K [0x09550000, 0x0d2a2000, 0x14000000)
   the space 62792K,  80% used [0x09550000, 0x0c69b4b8, 0x0c69b600, 0x0d2a2000)
 Metaspace       used 34087K, capacity 34755K, committed 34816K, reserved 35200K
}
Event: 408.120 GC heap before
{Heap before GC invocations=119 (full 7):
 def new generation   total 28352K, used 26793K [0x04000000, 0x05ec0000, 0x09550000)
  eden space 25216K, 100% used [0x04000000, 0x058a0000, 0x058a0000)
  from space 3136K,  50% used [0x058a0000, 0x05a2a568, 0x05bb0000)
  to   space 3136K,   0% used [0x05bb0000, 0x05bb0000, 0x05ec0000)
 tenured generation   total 62792K, used 50477K [0x09550000, 0x0d2a2000, 0x14000000)
   the space 62792K,  80% used [0x09550000, 0x0c69b4b8, 0x0c69b600, 0x0d2a2000)
 Metaspace       used 34092K, capacity 34765K, committed 34816K, reserved 35200K
Event: 408.130 GC heap after
Heap after GC invocations=120 (full 7):
 def new generation   total 28352K, used 1186K [0x04000000, 0x05ec0000, 0x09550000)
  eden space 25216K,   0% used [0x04000000, 0x04000000, 0x058a0000)
  from space 3136K,  37% used [0x05bb0000, 0x05cd8988, 0x05ec0000)
  to   space 3136K,   0% used [0x058a0000, 0x058a0000, 0x05bb0000)
 tenured generation   total 62792K, used 51234K [0x09550000, 0x0d2a2000, 0x14000000)
   the space 62792K,  81% used [0x09550000, 0x0c758b98, 0x0c758c00, 0x0d2a2000)
 Metaspace       used 34092K, capacity 34765K, committed 34816K, reserved 35200K
}
Event: 408.755 GC heap before
{Heap before GC invocations=120 (full 7):
 def new generation   total 28352K, used 24316K [0x04000000, 0x05ec0000, 0x09550000)
  eden space 25216K,  91% used [0x04000000, 0x05696a70, 0x058a0000)
  from space 3136K,  37% used [0x05bb0000, 0x05cd8988, 0x05ec0000)
  to   space 3136K,   0% used [0x058a0000, 0x058a0000, 0x05bb0000)
 tenured generation   total 62792K, used 51234K [0x09550000, 0x0d2a2000, 0x14000000)
   the space 62792K,  81% used [0x09550000, 0x0c758b98, 0x0c758c00, 0x0d2a2000)
 Metaspace       used 34120K, capacity 34822K, committed 34944K, reserved 35200K
Event: 408.765 GC heap after
Heap after GC invocations=121 (full 7):
 def new generation   total 28352K, used 3136K [0x04000000, 0x05ec0000, 0x09550000)
  eden space 25216K,   0% used [0x04000000, 0x04000000, 0x058a0000)
  from space 3136K, 100% used [0x058a0000, 0x05bb0000, 0x05bb0000)
  to   space 3136K,   0% used [0x05bb0000, 0x05bb0000, 0x05ec0000)
 tenured generation   total 62792K, used 53426K [0x09550000, 0x0d2a2000, 0x14000000)
   the space 62792K,  85% used [0x09550000, 0x0c97c980, 0x0c97ca00, 0x0d2a2000)
 Metaspace       used 34120K, capacity 34822K, committed 34944K, reserved 35200K
}
Event: 408.922 GC heap before
{Heap before GC invocations=121 (full 7):
 def new generation   total 28352K, used 28352K [0x04000000, 0x05ec0000, 0x09550000)
  eden space 25216K, 100% used [0x04000000, 0x058a0000, 0x058a0000)
  from space 3136K, 100% used [0x058a0000, 0x05bb0000, 0x05bb0000)
  to   space 3136K,   0% used [0x05bb0000, 0x05bb0000, 0x05ec0000)
 tenured generation   total 62792K, used 53426K [0x09550000, 0x0d2a2000, 0x14000000)
   the space 62792K,  85% used [0x09550000, 0x0c97c980, 0x0c97ca00, 0x0d2a2000)
 Metaspace       used 34120K, capacity 34822K, committed 34944K, reserved 35200K
Event: 408.953 GC heap after
Heap after GC invocations=122 (full 7):
 def new generation   total 28352K, used 3136K [0x04000000, 0x05ec0000, 0x09550000)
  eden space 25216K,   0% used [0x04000000, 0x04000000, 0x058a0000)
  from space 3136K, 100% used [0x05bb0000, 0x05ec0000, 0x05ec0000)
  to   space 3136K,   0% used [0x058a0000, 0x058a0000, 0x05bb0000)
 tenured generation   total 62792K, used 59851K [0x09550000, 0x0d2a2000, 0x14000000)
   the space 62792K,  95% used [0x09550000, 0x0cfc2ca0, 0x0cfc2e00, 0x0d2a2000)
 Metaspace       used 34120K, capacity 34822K, committed 34944K, reserved 35200K
}
Event: 410.161 GC heap before
{Heap before GC invocations=122 (full 7):
 def new generation   total 28352K, used 28108K [0x04000000, 0x05ec0000, 0x09550000)
  eden space 25216K,  99% used [0x04000000, 0x058631b0, 0x058a0000)
  from space 3136K, 100% used [0x05bb0000, 0x05ec0000, 0x05ec0000)
  to   space 3136K,   0% used [0x058a0000, 0x058a0000, 0x05bb0000)
 tenured generation   total 62792K, used 59851K [0x09550000, 0x0d2a2000, 0x14000000)
   the space 62792K,  95% used [0x09550000, 0x0cfc2ca0, 0x0cfc2e00, 0x0d2a2000)
 Metaspace       used 34120K, capacity 34822K, committed 34944K, reserved 35200K

