# JRE version: Java(TM) SE Runtime Environment (8.0_101-b13) (build 1.8.0_101-b13)
# Java VM: Java HotSpot(TM) Client VM (25.101-b13 mixed mode windows-x86 )
Heap:
 def new generation   total 4928K, used 512K [0x03e00000, 0x04350000, 0x19350000)
  eden space 4416K,   0% used [0x03e00000, 0x03e00000, 0x04250000)
  from space 512K, 100% used [0x04250000, 0x042d0000, 0x042d0000)
  to   space 512K,   0% used [0x042d0000, 0x042d0000, 0x04350000)
 tenured generation   total 11072K, used 10957K [0x19350000, 0x19e20000, 0x43e00000)
   the space 11072K,  98% used [0x19350000, 0x19e036f0, 0x19cfe000, 0x19e20000)
 Metaspace       used 3410K, capacity 3494K, committed 3520K, reserved 4480K
GC Heap History (10 events):
Event: 1.624 GC heap after
Heap after GC invocations=9 (full 0):
 def new generation   total 4928K, used 512K [0x03e00000, 0x04350000, 0x19350000)
  eden space 4416K,   0% used [0x03e00000, 0x03e00000, 0x04250000)
  from space 512K, 100% used [0x042d0000, 0x04350000, 0x04350000)
  to   space 512K,   0% used [0x04250000, 0x04250000, 0x042d0000)
 tenured generation   total 10944K, used 7143K [0x19350000, 0x19e00000, 0x43e00000)
   the space 10944K,  65% used [0x19350000, 0x19a49c60, 0x19a49e00, 0x19e00000)
 Metaspace       used 3405K, capacity 3494K, committed 3520K, reserved 4480K
}
Event: 1.674 GC heap before
{Heap before GC invocations=9 (full 0):
 def new generation   total 4928K, used 4928K [0x03e00000, 0x04350000, 0x19350000)
  eden space 4416K, 100% used [0x03e00000, 0x04250000, 0x04250000)
  from space 512K, 100% used [0x042d0000, 0x04350000, 0x04350000)
  to   space 512K,   0% used [0x04250000, 0x04250000, 0x042d0000)
 tenured generation   total 10944K, used 7143K [0x19350000, 0x19e00000, 0x43e00000)
   the space 10944K,  65% used [0x19350000, 0x19a49c60, 0x19a49e00, 0x19e00000)
 Metaspace       used 3405K, capacity 3494K, committed 3520K, reserved 4480K
Event: 1.679 GC heap after
Heap after GC invocations=10 (full 0):
 def new generation   total 4928K, used 512K [0x03e00000, 0x04350000, 0x19350000)
  eden space 4416K,   0% used [0x03e00000, 0x03e00000, 0x04250000)
  from space 512K, 100% used [0x04250000, 0x042d0000, 0x042d0000)
  to   space 512K,   0% used [0x042d0000, 0x042d0000, 0x04350000)
 tenured generation   total 10944K, used 7973K [0x19350000, 0x19e00000, 0x43e00000)
   the space 10944K,  72% used [0x19350000, 0x19b196c0, 0x19b19800, 0x19e00000)
 Metaspace       used 3405K, capacity 3494K, committed 3520K, reserved 4480K
}
Event: 1.699 GC heap before
{Heap before GC invocations=10 (full 0):
 def new generation   total 4928K, used 4928K [0x03e00000, 0x04350000, 0x19350000)
  eden space 4416K, 100% used [0x03e00000, 0x04250000, 0x04250000)
  from space 512K, 100% used [0x04250000, 0x042d0000, 0x042d0000)
  to   space 512K,   0% used [0x042d0000, 0x042d0000, 0x04350000)
 tenured generation   total 10944K, used 7973K [0x19350000, 0x19e00000, 0x43e00000)
   the space 10944K,  72% used [0x19350000, 0x19b196c0, 0x19b19800, 0x19e00000)
 Metaspace       used 3410K, capacity 3494K, committed 3520K, reserved 4480K
Event: 1.705 GC heap after
Heap after GC invocations=11 (full 0):
 def new generation   total 4928K, used 512K [0x03e00000, 0x04350000, 0x19350000)
  eden space 4416K,   0% used [0x03e00000, 0x03e00000, 0x04250000)
  from space 512K, 100% used [0x042d0000, 0x04350000, 0x04350000)
  to   space 512K,   0% used [0x04250000, 0x04250000, 0x042d0000)
 tenured generation   total 10944K, used 8759K [0x19350000, 0x19e00000, 0x43e00000)
   the space 10944K,  80% used [0x19350000, 0x19bddf98, 0x19bde000, 0x19e00000)
 Metaspace       used 3410K, capacity 3494K, committed 3520K, reserved 4480K
}
Event: 1.737 GC heap before
{Heap before GC invocations=11 (full 0):
 def new generation   total 4928K, used 4928K [0x03e00000, 0x04350000, 0x19350000)
  eden space 4416K, 100% used [0x03e00000, 0x04250000, 0x04250000)
  from space 512K, 100% used [0x042d0000, 0x04350000, 0x04350000)
  to   space 512K,   0% used [0x04250000, 0x04250000, 0x042d0000)
 tenured generation   total 10944K, used 8759K [0x19350000, 0x19e00000, 0x43e00000)
   the space 10944K,  80% used [0x19350000, 0x19bddf98, 0x19bde000, 0x19e00000)
 Metaspace       used 3410K, capacity 3494K, committed 3520K, reserved 4480K
Event: 1.744 GC heap after
Heap after GC invocations=12 (full 0):
 def new generation   total 4928K, used 511K [0x03e00000, 0x04350000, 0x19350000)
  eden space 4416K,   0% used [0x03e00000, 0x03e00000, 0x04250000)
  from space 512K,  99% used [0x04250000, 0x042cfff8, 0x042d0000)
  to   space 512K,   0% used [0x042d0000, 0x042d0000, 0x04350000)
 tenured generation   total 10944K, used 9741K [0x19350000, 0x19e00000, 0x43e00000)
   the space 10944K,  89% used [0x19350000, 0x19cd3788, 0x19cd3800, 0x19e00000)
 Metaspace       used 3410K, capacity 3494K, committed 3520K, reserved 4480K
}
Event: 1.769 GC heap before
{Heap before GC invocations=12 (full 0):
 def new generation   total 4928K, used 4927K [0x03e00000, 0x04350000, 0x19350000)
  eden space 4416K, 100% used [0x03e00000, 0x04250000, 0x04250000)
  from space 512K,  99% used [0x04250000, 0x042cfff8, 0x042d0000)
  to   space 512K,   0% used [0x042d0000, 0x042d0000, 0x04350000)
 tenured generation   total 10944K, used 9741K [0x19350000, 0x19e00000, 0x43e00000)
   the space 10944K,  89% used [0x19350000, 0x19cd3788, 0x19cd3800, 0x19e00000)
 Metaspace       used 3410K, capacity 3494K, committed 3520K, reserved 4480K
Event: 1.775 GC heap after
Heap after GC invocations=13 (full 0):
 def new generation   total 4928K, used 512K [0x03e00000, 0x04350000, 0x19350000)
  eden space 4416K,   0% used [0x03e00000, 0x03e00000, 0x04250000)
  from space 512K, 100% used [0x042d0000, 0x04350000, 0x04350000)
  to   space 512K,   0% used [0x04250000, 0x04250000, 0x042d0000)
 tenured generation   total 10944K, used 10412K [0x19350000, 0x19e00000, 0x43e00000)
   the space 10944K,  95% used [0x19350000, 0x19d7b0f8, 0x19d7b200, 0x19e00000)
 Metaspace       used 3410K, capacity 3494K, committed 3520K, reserved 4480K
}
Event: 1.801 GC heap before
{Heap before GC invocations=13 (full 0):
 def new generation   total 4928K, used 4928K [0x03e00000, 0x04350000, 0x19350000)
  eden space 4416K, 100% used [0x03e00000, 0x04250000, 0x04250000)
  from space 512K, 100% used [0x042d0000, 0x04350000, 0x04350000)
  to   space 512K,   0% used [0x04250000, 0x04250000, 0x042d0000)
 tenured generation   total 10944K, used 10412K [0x19350000, 0x19e00000, 0x43e00000)
   the space 10944K,  95% used [0x19350000, 0x19d7b0f8, 0x19d7b200, 0x19e00000)
 Metaspace       used 3410K, capacity 3494K, committed 3520K, reserved 4480K

